[3J[H[2J=== NansenScope Demo V1 ===
Landing: http://100.77.83.10:8090/?v=demo
Results: http://100.77.83.10:8090/results.html

[1/5] Smart Money scan

[2/5] Perps pressure
╭──────────────────────────────────────────────────────────────────────────────╮
│                                                                              │
│   _   _                            ____                                      │
│  | \ | | __ _ _ __  ___  ___ _ __ / ___|  ___ ___  _ __   ___                │
│  |  \| |/ _` | '_ \/ __|/ _ \ '_ \\___ \ / __/ _ \| '_ \ / _ \               │
│  | |\  | (_| | | | \__ \  __/ | | |___) | (_| (_) | |_) |  __/               │
│  |_| \_|\__,_|_| |_|___/\___|_| |_|____/ \___\___/| .__/ \___|               │
│                                                    |_|                       │
│                                                                              │
│    Autonomous Smart Money Intelligence                                       │
│                                                                              │
╰──────────────────────────────────────────────────────────────────────────────╯
╭──────────────────────────────────────────────────────────────────────────────╮
│ Smart Money Perpetual Trading Intelligence                                   │
│ Hyperliquid — Real-time SM positions                                         │
╰──────────────────────────────────────────────────────────────────────────────╯
[03/27/26 19:03:25] WARNING  Payment required for smart-money/perp-trades — no  
                             API key or x402 wallet                             
⠹ Perp data loaded 0:00:02
Error: Auth required: No API key configured. Two ways to authenticate:
  1. API key: nansen login --api-key <key> (get key at 
https://app.nansen.ai/auth/agent-setup)
  2. x402 micropayment: nansen wallet create + fund with USDC (no API key 
needed)

[3/5] Exit risk
╭──────────────────────────────────────────────────────────────────────────────╮
│                                                                              │
│   _   _                            ____                                      │
│  | \ | | __ _ _ __  ___  ___ _ __ / ___|  ___ ___  _ __   ___                │
│  |  \| |/ _` | '_ \/ __|/ _ \ '_ \\___ \ / __/ _ \| '_ \ / _ \               │
│  | |\  | (_| | | | \__ \  __/ | | |___) | (_| (_) | |_) |  __/               │
│  |_| \_|\__,_|_| |_|___/\___|_| |_|____/ \___\___/| .__/ \___|               │
│                                                    |_|                       │
│                                                                              │
│    Autonomous Smart Money Intelligence                                       │
│                                                                              │
╰──────────────────────────────────────────────────────────────────────────────╯
╭──────────────────────────────────────────────────────────────────────────────╮
│ Smart Money Exit Signal Detection                                            │
│ Chains: ethereum, base | Top: 8                                              │
╰──────────────────────────────────────────────────────────────────────────────╯
[03/27/26 19:03:27] WARNING  Payment required for smart-money/netflow — no API  
                             key or x402 wallet                                 
[03/27/26 19:03:29] WARNING  Payment required for smart-money/netflow — no API  
                             key or x402 wallet                                 
⠼ ethereum done 0:00:04
⠼ base done     0:00:01
No exit signals detected (no negative netflows found).

API calls: 2 | Errors: 0 | Endpoints hit: 1

[4/5] Wallet DeFi exposure
╭──────────────────────────────────────────────────────────────────────────────╮
│                                                                              │
│   _   _                            ____                                      │
│  | \ | | __ _ _ __  ___  ___ _ __ / ___|  ___ ___  _ __   ___                │
│  |  \| |/ _` | '_ \/ __|/ _ \ '_ \\___ \ / __/ _ \| '_ \ / _ \               │
│  | |\  | (_| | | | \__ \  __/ | | |___) | (_| (_) | |_) |  __/               │
│  |_| \_|\__,_|_| |_|___/\___|_| |_|____/ \___\___/| .__/ \___|               │
│                                                    |_|                       │
│                                                                              │
│    Autonomous Smart Money Intelligence                                       │
│                                                                              │
╰──────────────────────────────────────────────────────────────────────────────╯
╭──────────────────────────────────────────────────────────────────────────────╮
│ DeFi Position Analysis                                                       │
│ 0x0000000000000000000000000000000000000000 on ethereum                       │
╰──────────────────────────────────────────────────────────────────────────────╯
[03/27/26 19:03:30] WARNING  Unauthorized for portfolio/defi (suppressing       
                             further warnings)                                  
⠴ DeFi data loaded 0:00:00

Error: Unauthorized: Not logged in. Run: nansen login

API calls: 1 | Errors: 0 | Endpoints hit: 1

[5/5] Natural language search
╭──────────────────────────────────────────────────────────────────────────────╮
│                                                                              │
│   _   _                            ____                                      │
│  | \ | | __ _ _ __  ___  ___ _ __ / ___|  ___ ___  _ __   ___                │
│  |  \| |/ _` | '_ \/ __|/ _ \ '_ \\___ \ / __/ _ \| '_ \ / _ \               │
│  | |\  | (_| | | | \__ \  __/ | | |___) | (_| (_) | |_) |  __/               │
│  |_| \_|\__,_|_| |_|___/\___|_| |_|____/ \___\___/| .__/ \___|               │
│                                                    |_|                       │
│                                                                              │
│    Autonomous Smart Money Intelligence                                       │
│                                                                              │
╰──────────────────────────────────────────────────────────────────────────────╯
Searching: "ethereum whale buying ONDO" (limit: 5)

[03/27/26 19:03:31] WARNING  Unauthorized for search (suppressing further       
                             warnings)                                          
⠼ Search complete 0:00:00

Error: Unauthorized: Not logged in. Run: nansen login

API calls: 1 | Errors: 0 | Endpoints hit: 1

Demo sequence completed.
